{
  "stats": {
    "suites": 1,
    "tests": 1,
    "passes": 1,
    "pending": 0,
    "failures": 0,
    "start": "2024-11-22T19:52:13.472Z",
    "end": "2024-11-22T19:52:23.334Z",
    "duration": 9862,
    "testsRegistered": 1,
    "passPercent": 100,
    "pendingPercent": 0,
    "other": 0,
    "hasOther": false,
    "skipped": 0,
    "hasSkipped": false
  },
  "results": [
    {
      "uuid": "f6a5b279-d297-4ff7-8538-f8ddb0ee4f78",
      "title": "",
      "fullFile": "cypress\\e2e\\tests\\addToCartTest.cy.js",
      "file": "cypress\\e2e\\tests\\addToCartTest.cy.js",
      "beforeHooks": [],
      "afterHooks": [],
      "tests": [],
      "suites": [
        {
          "uuid": "c159f4e5-3eb8-42c0-93e5-a8dbaec8f521",
          "title": "test automation",
          "fullFile": "",
          "file": "",
          "beforeHooks": [],
          "afterHooks": [],
          "tests": [
            {
              "title": "Add To Cart flow",
              "fullTitle": "test automation Add To Cart flow",
              "timedOut": null,
              "duration": 5840,
              "state": "passed",
              "speed": "medium",
              "pass": true,
              "fail": false,
              "pending": false,
              "context": null,
              "code": "homePageObj.searchProduct(_testData.default.product.productName);\nhomePageObj.addToCart();\nhomePageObj.verifySucessMessage().should(\"contain\", _testData.default.message.successMessage).and(\"contain\", _testData.default.product.productName);",
              "err": {},
              "uuid": "38fbc89d-101f-46d1-96c8-a3ef04d0a1b6",
              "parentUUID": "c159f4e5-3eb8-42c0-93e5-a8dbaec8f521",
              "isHook": false,
              "skipped": false
            }
          ],
          "suites": [],
          "passes": [
            "38fbc89d-101f-46d1-96c8-a3ef04d0a1b6"
          ],
          "failures": [],
          "pending": [],
          "skipped": [],
          "duration": 5840,
          "root": false,
          "rootEmpty": false,
          "_timeout": 2000
        }
      ],
      "passes": [],
      "failures": [],
      "pending": [],
      "skipped": [],
      "duration": 0,
      "root": true,
      "rootEmpty": true,
      "_timeout": 2000
    }
  ],
  "meta": {
    "mocha": {
      "version": "7.0.1"
    },
    "mochawesome": {
      "options": {
        "quiet": false,
        "reportFilename": "mochawesome",
        "saveHtml": true,
        "saveJson": true,
        "consoleReporter": "spec",
        "useInlineDiffs": false,
        "code": true
      },
      "version": "7.1.3"
    },
    "marge": {
      "options": null,
      "version": "6.2.0"
    }
  }
}